0 info it worked if it ends with ok
1 verbose cli [ '/usr/local/Cellar/node@6/6.14.1/bin/node',
1 verbose cli   '/usr/local/opt/node@6/bin/npm',
1 verbose cli   'start' ]
2 info using npm@3.10.10
3 info using node@v6.14.1
4 verbose run-script [ 'prestart', 'start', 'poststart' ]
5 info lifecycle html-starter@0.1.1~prestart: html-starter@0.1.1
6 silly lifecycle html-starter@0.1.1~prestart: no script for prestart, continuing
7 info lifecycle html-starter@0.1.1~start: html-starter@0.1.1
8 verbose lifecycle html-starter@0.1.1~start: unsafe-perm in lifecycle true
9 verbose lifecycle html-starter@0.1.1~start: PATH: /usr/local/Cellar/node@6/6.14.1/lib/node_modules/npm/bin/node-gyp-bin:/Users/letrantien/Desktop/test/grunt-tran/grunt-test/html-starter/node_modules/.bin:/usr/local/Cellar/node@6/6.14.1/bin:/usr/local/opt/node@6/bin:/usr/local/bin:/usr/bin:/bin:/usr/sbin:/sbin
10 verbose lifecycle html-starter@0.1.1~start: CWD: /Users/letrantien/Desktop/test/grunt-tran/grunt-test/html-starter
11 silly lifecycle html-starter@0.1.1~start: Args: [ '-c', 'php -S localhost:8010 -t ../public' ]
12 silly lifecycle html-starter@0.1.1~start: Returned: code: 1  signal: null
13 info lifecycle html-starter@0.1.1~start: Failed to exec start script
14 verbose stack Error: html-starter@0.1.1 start: `php -S localhost:8010 -t ../public`
14 verbose stack Exit status 1
14 verbose stack     at EventEmitter.<anonymous> (/usr/local/Cellar/node@6/6.14.1/lib/node_modules/npm/lib/utils/lifecycle.js:255:16)
14 verbose stack     at emitTwo (events.js:106:13)
14 verbose stack     at EventEmitter.emit (events.js:191:7)
14 verbose stack     at ChildProcess.<anonymous> (/usr/local/Cellar/node@6/6.14.1/lib/node_modules/npm/lib/utils/spawn.js:40:14)
14 verbose stack     at emitTwo (events.js:106:13)
14 verbose stack     at ChildProcess.emit (events.js:191:7)
14 verbose stack     at maybeClose (internal/child_process.js:920:16)
14 verbose stack     at Process.ChildProcess._handle.onexit (internal/child_process.js:230:5)
15 verbose pkgid html-starter@0.1.1
16 verbose cwd /Users/letrantien/Desktop/test/grunt-tran/grunt-test/html-starter/public
17 error Darwin 16.7.0
18 error argv "/usr/local/Cellar/node@6/6.14.1/bin/node" "/usr/local/opt/node@6/bin/npm" "start"
19 error node v6.14.1
20 error npm  v3.10.10
21 error code ELIFECYCLE
22 error html-starter@0.1.1 start: `php -S localhost:8010 -t ../public`
22 error Exit status 1
23 error Failed at the html-starter@0.1.1 start script 'php -S localhost:8010 -t ../public'.
23 error Make sure you have the latest version of node.js and npm installed.
23 error If you do, this is most likely a problem with the html-starter package,
23 error not with npm itself.
23 error Tell the author that this fails on your system:
23 error     php -S localhost:8010 -t ../public
23 error You can get information on how to open an issue for this project with:
23 error     npm bugs html-starter
23 error Or if that isn't available, you can get their info via:
23 error     npm owner ls html-starter
23 error There is likely additional logging output above.
24 verbose exit [ 1, true ]
